生成启动时间为 2018/9/29 10:43:05。
     1>项目“C:\Users\Administrator\Desktop\飞秋共享目录1\项目1\day08\代码\SecKeyClient\SecKeyClient\SecKeyClient.vcxproj”在节点 2 上(Build 个目标)。
     1>PrepareForBuild:
         正在创建目录“C:\Users\Administrator\Desktop\飞秋共享目录1\项目1\day08\代码\SecKeyClient\SecKeyClient\bin\x64\Debug\”。
         正在创建目录“C:\Users\Administrator\Desktop\飞秋共享目录1\项目1\day08\代码\SecKeyClient\SecKeyClient\obj\x64\Debug\SecKeyClient.tlog\”。
       InitializeBuildStatus:
         正在创建“C:\Users\Administrator\Desktop\飞秋共享目录1\项目1\day08\代码\SecKeyClient\SecKeyClient\obj\x64\Debug\SecKeyClient.tlog\unsuccessfulbuild”，因为已指定“AlwaysCreate”。
       _ValidateValidArchitecture:
         Validating architecture
         Current project architecture 'x64' is compatible with the remote system architecture 'x64' ('x64').
       _ValidateSources:
         Validating sources
       _CopySources:
         Copying sources remotely to '192.168.10.145'
         Copying file 'C:\Users\Administrator\Desktop\飞秋共享目录1\项目1\day08\代码\SecKeyClient\SecKeyClient\BaseASN1.cpp' to '/home/itcast/projects/SecKeyClient/BaseASN1.cpp'
         Copying file 'C:\Users\Administrator\Desktop\飞秋共享目录1\项目1\day08\代码\SecKeyClient\SecKeyClient\ClientOperation.cpp' to '/home/itcast/projects/SecKeyClient/ClientOperation.cpp'
         Copying file 'C:\Users\Administrator\Desktop\飞秋共享目录1\项目1\day08\代码\SecKeyClient\SecKeyClient\Codec.cpp' to '/home/itcast/projects/SecKeyClient/Codec.cpp'
         Copying file 'C:\Users\Administrator\Desktop\飞秋共享目录1\项目1\day08\代码\SecKeyClient\SecKeyClient\CodecFactory.cpp' to '/home/itcast/projects/SecKeyClient/CodecFactory.cpp'
         Copying file 'C:\Users\Administrator\Desktop\飞秋共享目录1\项目1\day08\代码\SecKeyClient\SecKeyClient\ItcastLog.cpp' to '/home/itcast/projects/SecKeyClient/ItcastLog.cpp'
         Copying file 'C:\Users\Administrator\Desktop\飞秋共享目录1\项目1\day08\代码\SecKeyClient\SecKeyClient\main.cpp' to '/home/itcast/projects/SecKeyClient/main.cpp'
         Copying file 'C:\Users\Administrator\Desktop\飞秋共享目录1\项目1\day08\代码\SecKeyClient\SecKeyClient\RequestCodec.cpp' to '/home/itcast/projects/SecKeyClient/RequestCodec.cpp'
         Copying file 'C:\Users\Administrator\Desktop\飞秋共享目录1\项目1\day08\代码\SecKeyClient\SecKeyClient\RequestFactory.cpp' to '/home/itcast/projects/SecKeyClient/RequestFactory.cpp'
         Copying file 'C:\Users\Administrator\Desktop\飞秋共享目录1\项目1\day08\代码\SecKeyClient\SecKeyClient\RespondCodec.cpp' to '/home/itcast/projects/SecKeyClient/RespondCodec.cpp'
         Copying file 'C:\Users\Administrator\Desktop\飞秋共享目录1\项目1\day08\代码\SecKeyClient\SecKeyClient\RespondFactory.cpp' to '/home/itcast/projects/SecKeyClient/RespondFactory.cpp'
         Copying file 'C:\Users\Administrator\Desktop\飞秋共享目录1\项目1\day08\代码\SecKeyClient\SecKeyClient\SecKeyShm.cpp' to '/home/itcast/projects/SecKeyClient/SecKeyShm.cpp'
         Copying file 'C:\Users\Administrator\Desktop\飞秋共享目录1\项目1\day08\代码\SecKeyClient\SecKeyClient\SequenceASN1.cpp' to '/home/itcast/projects/SecKeyClient/SequenceASN1.cpp'
         Copying file 'C:\Users\Administrator\Desktop\飞秋共享目录1\项目1\day08\代码\SecKeyClient\SecKeyClient\ShareMemory.cpp' to '/home/itcast/projects/SecKeyClient/ShareMemory.cpp'
         Copying file 'C:\Users\Administrator\Desktop\飞秋共享目录1\项目1\day08\代码\SecKeyClient\SecKeyClient\TcpServer.cpp' to '/home/itcast/projects/SecKeyClient/TcpServer.cpp'
         Copying file 'C:\Users\Administrator\Desktop\飞秋共享目录1\项目1\day08\代码\SecKeyClient\SecKeyClient\TcpSocket.cpp' to '/home/itcast/projects/SecKeyClient/TcpSocket.cpp'
         Copying file 'C:\Users\Administrator\Desktop\飞秋共享目录1\项目1\day08\代码\SecKeyClient\SecKeyClient\BaseASN1.h' to '/home/itcast/projects/SecKeyClient/BaseASN1.h'
         Copying file 'C:\Users\Administrator\Desktop\飞秋共享目录1\项目1\day08\代码\SecKeyClient\SecKeyClient\ClientOperation.h' to '/home/itcast/projects/SecKeyClient/ClientOperation.h'
         Copying file 'C:\Users\Administrator\Desktop\飞秋共享目录1\项目1\day08\代码\SecKeyClient\SecKeyClient\Codec.h' to '/home/itcast/projects/SecKeyClient/Codec.h'
         Copying file 'C:\Users\Administrator\Desktop\飞秋共享目录1\项目1\day08\代码\SecKeyClient\SecKeyClient\CodecFactory.h' to '/home/itcast/projects/SecKeyClient/CodecFactory.h'
         Copying file 'C:\Users\Administrator\Desktop\飞秋共享目录1\项目1\day08\代码\SecKeyClient\SecKeyClient\ItcastLog.h' to '/home/itcast/projects/SecKeyClient/ItcastLog.h'
         Copying file 'C:\Users\Administrator\Desktop\飞秋共享目录1\项目1\day08\代码\SecKeyClient\SecKeyClient\RequestCodec.h' to '/home/itcast/projects/SecKeyClient/RequestCodec.h'
         Copying file 'C:\Users\Administrator\Desktop\飞秋共享目录1\项目1\day08\代码\SecKeyClient\SecKeyClient\RequestFactory.h' to '/home/itcast/projects/SecKeyClient/RequestFactory.h'
         Copying file 'C:\Users\Administrator\Desktop\飞秋共享目录1\项目1\day08\代码\SecKeyClient\SecKeyClient\RespondCodec.h' to '/home/itcast/projects/SecKeyClient/RespondCodec.h'
         Copying file 'C:\Users\Administrator\Desktop\飞秋共享目录1\项目1\day08\代码\SecKeyClient\SecKeyClient\RespondFactory.h' to '/home/itcast/projects/SecKeyClient/RespondFactory.h'
         Copying file 'C:\Users\Administrator\Desktop\飞秋共享目录1\项目1\day08\代码\SecKeyClient\SecKeyClient\SecKeyShm.h' to '/home/itcast/projects/SecKeyClient/SecKeyShm.h'
         Copying file 'C:\Users\Administrator\Desktop\飞秋共享目录1\项目1\day08\代码\SecKeyClient\SecKeyClient\SequenceASN1.h' to '/home/itcast/projects/SecKeyClient/SequenceASN1.h'
         Copying file 'C:\Users\Administrator\Desktop\飞秋共享目录1\项目1\day08\代码\SecKeyClient\SecKeyClient\ShareMemory.h' to '/home/itcast/projects/SecKeyClient/ShareMemory.h'
         Copying file 'C:\Users\Administrator\Desktop\飞秋共享目录1\项目1\day08\代码\SecKeyClient\SecKeyClient\TcpServer.h' to '/home/itcast/projects/SecKeyClient/TcpServer.h'
         Copying file 'C:\Users\Administrator\Desktop\飞秋共享目录1\项目1\day08\代码\SecKeyClient\SecKeyClient\TcpSocket.h' to '/home/itcast/projects/SecKeyClient/TcpSocket.h'
       ClCompile:
         Starting remote build
         Compiling sources:
         Invoking 'g++'
         g++ -c -x c++ /home/itcast/projects/SecKeyClient/BaseASN1.cpp -I /home/itcast/projects/SecKeyClient/D/include -I "/home/itcast/projects/SecKeyClient/../../../../../../../../../OpenSSL-Win32/include" -g2 -gdwarf-2 -o "/home/itcast/projects/SecKeyClient/obj/x64/Debug/BaseASN1.o" -Wall -Wswitch -W"no-deprecated-declarations" -W"empty-body" -Wconversion -W"return-type" -Wparentheses -W"no-format" -Wuninitialized -W"unreachable-code" -W"unused-function" -W"unused-value" -W"unused-variable" -O0 -fno-strict-aliasing -fno-omit-frame-pointer -fthreadsafe-statics -fexceptions -frtti -std=c++11
         BaseASN1.cpp
         /home/itcast/projects/SecKeyClient/BaseASN1.cpp: 在成员函数‘ITCAST_INT BaseASN1::DER_ItAsn1_GetLengthInfo(ITCAST_ANYBUF*, int*, int*)’中:
         /home/itcast/projects/SecKeyClient/BaseASN1.cpp:112:22: 警告：‘int’转换自‘long unsigned int’时可能改变值 [-Wconversion]
              iSizeOf = *pData & ITCAST_DER_FIRST_NOT_ID_MASK;
                               ^
         /home/itcast/projects/SecKeyClient/BaseASN1.cpp: 在成员函数‘ITCAST_INT BaseASN1::DER_ItAsn1_Low_GetLengthInfo(ITCAST_UINT8**, ITCAST_UINT32**, ITCAST_UINT32**)’中:
         /home/itcast/projects/SecKeyClient/BaseASN1.cpp:148:33: 警告：‘ITCAST_UINT8 {aka unsigned char}’转换自‘long unsigned int’时可能改变值 [-Wconversion]
                  cSizeOf = *(pMidData++) & ITCAST_DER_FIRST_NOT_ID_MASK;
                                          ^
         /home/itcast/projects/SecKeyClient/BaseASN1.cpp: 在成员函数‘ITCAST_INT BaseASN1::DER_ItAsn1_Low_WriteTagAndLength(ITCAST_ANYBUF*, ITCAST_UINT8, ITCAST_ANYBUF**, ITCAST_UINT8**)’中:
         /home/itcast/projects/SecKeyClient/BaseASN1.cpp:360:53: 警告：‘ITCAST_UINT8 {aka unsigned char}’转换自‘ITCAST_UINT32 {aka long unsigned int}’时可能改变值 [-Wconversion]
                  cIdentifier = DER_ITASN1_LOW_IDENTIFIER(cTag);
                                                              ^
         /home/itcast/projects/SecKeyClient/BaseASN1.cpp:374:55: 警告：‘ITCAST_UINT8 {aka unsigned char}’转换自‘long unsigned int’时可能改变值 [-Wconversion]
                  *(pMidValue++) = ITCAST_DER_FIRST_YES_ID_MASK | (ITCAST_UINT8)(iMidSizeOf - 1);
                                                                ^
         /home/itcast/projects/SecKeyClient/BaseASN1.cpp: 在成员函数‘ITCAST_INT BaseASN1::DER_ItAsn1_WriteInteger(ITCAST_UINT32, ITASN1_INTEGER**)’中:
         /home/itcast/projects/SecKeyClient/BaseASN1.cpp:494:44: 警告：‘ITCAST_UINT8 {aka unsigned char}’转换自‘ITCAST_UINT32 {aka long unsigned int}’时可能改变值 [-Wconversion]
              ITCAST_UINT8 *pMidUint8 = NULL, cTag = ITCAST_DER_INTEGER;
                                                     ^
         /home/itcast/projects/SecKeyClient/BaseASN1.cpp: 在成员函数‘ITCAST_INT BaseASN1::DER_ItAsn1_WriteBitString(ITASN1_BITSTRING*, ITASN1_BITSTRING**)’中:
         /home/itcast/projects/SecKeyClient/BaseASN1.cpp:577:25: 警告：‘ITCAST_UINT8 {aka unsigned char}’转换自‘ITCAST_UINT32 {aka long unsigned int}’时可能改变值 [-Wconversion]
              ITCAST_UINT8 cTag = ITCAST_DER_BITSTRING;
                                  ^
         /home/itcast/projects/SecKeyClient/BaseASN1.cpp: 在成员函数‘ITCAST_INT BaseASN1::DER_ItAsn1_WriteSequence(ITASN1_SEQUENCE*, ITCAST_ANYBUF**)’中:
         /home/itcast/projects/SecKeyClient/BaseASN1.cpp:796:25: 警告：‘ITCAST_UINT8 {aka unsigned char}’转换自‘ITCAST_UINT32 {aka long unsigned int}’时可能改变值 [-Wconversion]
              ITCAST_UINT8 cTag = ITCAST_DER_SEQUENCE;
                                  ^
         /home/itcast/projects/SecKeyClient/BaseASN1.cpp:817:55: 警告：‘ITCAST_UINT8 {aka unsigned char}’转换自‘long unsigned int’时可能改变值 [-Wconversion]
                  *(pMidValue++) = ITCAST_DER_FIRST_YES_ID_MASK | ((ITCAST_UINT8)(lSizeOf - 1));
                                                                ^
         /home/itcast/projects/SecKeyClient/BaseASN1.cpp: 在成员函数‘ITCAST_INT BaseASN1::DER_ItAsn1_ReadSequence(ITCAST_ANYBUF*, ITASN1_SEQUENCE**)’中:
         /home/itcast/projects/SecKeyClient/BaseASN1.cpp:920:18: 警告：‘int’转换自‘ITCAST_UINT32 {aka long unsigned int}’时可能改变值 [-Wconversion]
              lTotalLength = *pLengthValue;
                           ^
         /home/itcast/projects/SecKeyClient/BaseASN1.cpp:987:22: 警告：‘int’转换自‘ITCAST_UINT32 {aka long unsigned int}’时可能改变值 [-Wconversion]
                  lTotalLength -= lMidLength;
                               ^
         /home/itcast/projects/SecKeyClient/BaseASN1.cpp: 在成员函数‘ITCAST_INT BaseASN1::DER_ItAsn1_WriteNull(ITCAST_ANYBUF**)’中:
         /home/itcast/projects/SecKeyClient/BaseASN1.cpp:1017:55: 警告：‘ITCAST_UINT8 {aka unsigned char}’转换自‘ITCAST_UINT32 {aka long unsigned int}’时可能改变值 [-Wconversion]
              ITCAST_UINT8 *pMidValue = NULL, *pMidSite, cTag = ITCAST_DER_NULL;
                                                                ^
         /home/itcast/projects/SecKeyClient/BaseASN1.cpp: 在成员函数‘int BaseASN1::DecodeUnsignedChar(ITCAST_ANYBUF*, unsigned char**, int*)’中:
         /home/itcast/projects/SecKeyClient/BaseASN1.cpp:1250:15: 警告：‘int’转换自‘ITCAST_UINT32 {aka long unsigned int}’时可能改变值 [-Wconversion]
              *pDataLen = pTmp->dataLen;
                        ^
         /home/itcast/projects/SecKeyClient/BaseASN1.cpp: 在成员函数‘int BaseASN1::DecodeChar(ITCAST_ANYBUF*, char**, int*)’中:
         /home/itcast/projects/SecKeyClient/BaseASN1.cpp:1351:15: 警告：‘int’转换自‘ITCAST_UINT32 {aka long unsigned int}’时可能改变值 [-Wconversion]
              *pDataLen = pTmp->dataLen;
                        ^
         
         Done compiling '/home/itcast/projects/SecKeyClient/BaseASN1.cpp'
         Invoking 'g++'
         g++ -c -x c++ /home/itcast/projects/SecKeyClient/ClientOperation.cpp -I /home/itcast/projects/SecKeyClient/D/include -I "/home/itcast/projects/SecKeyClient/../../../../../../../../../OpenSSL-Win32/include" -g2 -gdwarf-2 -o "/home/itcast/projects/SecKeyClient/obj/x64/Debug/ClientOperation.o" -Wall -Wswitch -W"no-deprecated-declarations" -W"empty-body" -Wconversion -W"return-type" -Wparentheses -W"no-format" -Wuninitialized -W"unreachable-code" -W"unused-function" -W"unused-value" -W"unused-variable" -O0 -fno-strict-aliasing -fno-omit-frame-pointer -fthreadsafe-statics -fexceptions -frtti -std=c++11
         ClientOperation.cpp
         Done compiling '/home/itcast/projects/SecKeyClient/ClientOperation.cpp'
     1>C:\Program Files (x86)\Microsoft Visual Studio\2017\Community\Common7\IDE\VC\VCTargets\Application Type\Linux\1.0\Linux.targets(310,5): error : g++ exited with code 1, please see the Output Window - Build output for more details (NOTE: the build output verbosity might need to be changed in Tools Options to see more information in the Output Window).
         Invoking 'g++'
         g++ -c -x c++ /home/itcast/projects/SecKeyClient/Codec.cpp -I /home/itcast/projects/SecKeyClient/D/include -I "/home/itcast/projects/SecKeyClient/../../../../../../../../../OpenSSL-Win32/include" -g2 -gdwarf-2 -o "/home/itcast/projects/SecKeyClient/obj/x64/Debug/Codec.o" -Wall -Wswitch -W"no-deprecated-declarations" -W"empty-body" -Wconversion -W"return-type" -Wparentheses -W"no-format" -Wuninitialized -W"unreachable-code" -W"unused-function" -W"unused-value" -W"unused-variable" -O0 -fno-strict-aliasing -fno-omit-frame-pointer -fthreadsafe-statics -fexceptions -frtti -std=c++11
         Codec.cpp
         Done compiling '/home/itcast/projects/SecKeyClient/Codec.cpp'
         Invoking 'g++'
         g++ -c -x c++ /home/itcast/projects/SecKeyClient/CodecFactory.cpp -I /home/itcast/projects/SecKeyClient/D/include -I "/home/itcast/projects/SecKeyClient/../../../../../../../../../OpenSSL-Win32/include" -g2 -gdwarf-2 -o "/home/itcast/projects/SecKeyClient/obj/x64/Debug/CodecFactory.o" -Wall -Wswitch -W"no-deprecated-declarations" -W"empty-body" -Wconversion -W"return-type" -Wparentheses -W"no-format" -Wuninitialized -W"unreachable-code" -W"unused-function" -W"unused-value" -W"unused-variable" -O0 -fno-strict-aliasing -fno-omit-frame-pointer -fthreadsafe-statics -fexceptions -frtti -std=c++11
         CodecFactory.cpp
         Done compiling '/home/itcast/projects/SecKeyClient/CodecFactory.cpp'
         Invoking 'g++'
         g++ -c -x c++ /home/itcast/projects/SecKeyClient/ItcastLog.cpp -I /home/itcast/projects/SecKeyClient/D/include -I "/home/itcast/projects/SecKeyClient/../../../../../../../../../OpenSSL-Win32/include" -g2 -gdwarf-2 -o "/home/itcast/projects/SecKeyClient/obj/x64/Debug/ItcastLog.o" -Wall -Wswitch -W"no-deprecated-declarations" -W"empty-body" -Wconversion -W"return-type" -Wparentheses -W"no-format" -Wuninitialized -W"unreachable-code" -W"unused-function" -W"unused-value" -W"unused-variable" -O0 -fno-strict-aliasing -fno-omit-frame-pointer -fthreadsafe-statics -fexceptions -frtti -std=c++11
         ItcastLog.cpp
         Done compiling '/home/itcast/projects/SecKeyClient/ItcastLog.cpp'
         Invoking 'g++'
         g++ -c -x c++ /home/itcast/projects/SecKeyClient/main.cpp -I /home/itcast/projects/SecKeyClient/D/include -I "/home/itcast/projects/SecKeyClient/../../../../../../../../../OpenSSL-Win32/include" -g2 -gdwarf-2 -o "/home/itcast/projects/SecKeyClient/obj/x64/Debug/main.o" -Wall -Wswitch -W"no-deprecated-declarations" -W"empty-body" -Wconversion -W"return-type" -Wparentheses -W"no-format" -Wuninitialized -W"unreachable-code" -W"unused-function" -W"unused-value" -W"unused-variable" -O0 -fno-strict-aliasing -fno-omit-frame-pointer -fthreadsafe-statics -fexceptions -frtti -std=c++11
         main.cpp
         Done compiling '/home/itcast/projects/SecKeyClient/main.cpp'
         Invoking 'g++'
         g++ -c -x c++ /home/itcast/projects/SecKeyClient/RequestCodec.cpp -I /home/itcast/projects/SecKeyClient/D/include -I "/home/itcast/projects/SecKeyClient/../../../../../../../../../OpenSSL-Win32/include" -g2 -gdwarf-2 -o "/home/itcast/projects/SecKeyClient/obj/x64/Debug/RequestCodec.o" -Wall -Wswitch -W"no-deprecated-declarations" -W"empty-body" -Wconversion -W"return-type" -Wparentheses -W"no-format" -Wuninitialized -W"unreachable-code" -W"unused-function" -W"unused-value" -W"unused-variable" -O0 -fno-strict-aliasing -fno-omit-frame-pointer -fthreadsafe-statics -fexceptions -frtti -std=c++11
         RequestCodec.cpp
         Done compiling '/home/itcast/projects/SecKeyClient/RequestCodec.cpp'
         Invoking 'g++'
         g++ -c -x c++ /home/itcast/projects/SecKeyClient/RequestFactory.cpp -I /home/itcast/projects/SecKeyClient/D/include -I "/home/itcast/projects/SecKeyClient/../../../../../../../../../OpenSSL-Win32/include" -g2 -gdwarf-2 -o "/home/itcast/projects/SecKeyClient/obj/x64/Debug/RequestFactory.o" -Wall -Wswitch -W"no-deprecated-declarations" -W"empty-body" -Wconversion -W"return-type" -Wparentheses -W"no-format" -Wuninitialized -W"unreachable-code" -W"unused-function" -W"unused-value" -W"unused-variable" -O0 -fno-strict-aliasing -fno-omit-frame-pointer -fthreadsafe-statics -fexceptions -frtti -std=c++11
         RequestFactory.cpp
         Done compiling '/home/itcast/projects/SecKeyClient/RequestFactory.cpp'
         Invoking 'g++'
         g++ -c -x c++ /home/itcast/projects/SecKeyClient/RespondCodec.cpp -I /home/itcast/projects/SecKeyClient/D/include -I "/home/itcast/projects/SecKeyClient/../../../../../../../../../OpenSSL-Win32/include" -g2 -gdwarf-2 -o "/home/itcast/projects/SecKeyClient/obj/x64/Debug/RespondCodec.o" -Wall -Wswitch -W"no-deprecated-declarations" -W"empty-body" -Wconversion -W"return-type" -Wparentheses -W"no-format" -Wuninitialized -W"unreachable-code" -W"unused-function" -W"unused-value" -W"unused-variable" -O0 -fno-strict-aliasing -fno-omit-frame-pointer -fthreadsafe-statics -fexceptions -frtti -std=c++11
         RespondCodec.cpp
         Done compiling '/home/itcast/projects/SecKeyClient/RespondCodec.cpp'
         Invoking 'g++'
         g++ -c -x c++ /home/itcast/projects/SecKeyClient/RespondFactory.cpp -I /home/itcast/projects/SecKeyClient/D/include -I "/home/itcast/projects/SecKeyClient/../../../../../../../../../OpenSSL-Win32/include" -g2 -gdwarf-2 -o "/home/itcast/projects/SecKeyClient/obj/x64/Debug/RespondFactory.o" -Wall -Wswitch -W"no-deprecated-declarations" -W"empty-body" -Wconversion -W"return-type" -Wparentheses -W"no-format" -Wuninitialized -W"unreachable-code" -W"unused-function" -W"unused-value" -W"unused-variable" -O0 -fno-strict-aliasing -fno-omit-frame-pointer -fthreadsafe-statics -fexceptions -frtti -std=c++11
         RespondFactory.cpp
         Done compiling '/home/itcast/projects/SecKeyClient/RespondFactory.cpp'
         Invoking 'g++'
         g++ -c -x c++ /home/itcast/projects/SecKeyClient/SecKeyShm.cpp -I /home/itcast/projects/SecKeyClient/D/include -I "/home/itcast/projects/SecKeyClient/../../../../../../../../../OpenSSL-Win32/include" -g2 -gdwarf-2 -o "/home/itcast/projects/SecKeyClient/obj/x64/Debug/SecKeyShm.o" -Wall -Wswitch -W"no-deprecated-declarations" -W"empty-body" -Wconversion -W"return-type" -Wparentheses -W"no-format" -Wuninitialized -W"unreachable-code" -W"unused-function" -W"unused-value" -W"unused-variable" -O0 -fno-strict-aliasing -fno-omit-frame-pointer -fthreadsafe-statics -fexceptions -frtti -std=c++11
         SecKeyShm.cpp
         Done compiling '/home/itcast/projects/SecKeyClient/SecKeyShm.cpp'
         Invoking 'g++'
         g++ -c -x c++ /home/itcast/projects/SecKeyClient/SequenceASN1.cpp -I /home/itcast/projects/SecKeyClient/D/include -I "/home/itcast/projects/SecKeyClient/../../../../../../../../../OpenSSL-Win32/include" -g2 -gdwarf-2 -o "/home/itcast/projects/SecKeyClient/obj/x64/Debug/SequenceASN1.o" -Wall -Wswitch -W"no-deprecated-declarations" -W"empty-body" -Wconversion -W"return-type" -Wparentheses -W"no-format" -Wuninitialized -W"unreachable-code" -W"unused-function" -W"unused-value" -W"unused-variable" -O0 -fno-strict-aliasing -fno-omit-frame-pointer -fthreadsafe-statics -fexceptions -frtti -std=c++11
         SequenceASN1.cpp
         Done compiling '/home/itcast/projects/SecKeyClient/SequenceASN1.cpp'
         Invoking 'g++'
         g++ -c -x c++ /home/itcast/projects/SecKeyClient/ShareMemory.cpp -I /home/itcast/projects/SecKeyClient/D/include -I "/home/itcast/projects/SecKeyClient/../../../../../../../../../OpenSSL-Win32/include" -g2 -gdwarf-2 -o "/home/itcast/projects/SecKeyClient/obj/x64/Debug/ShareMemory.o" -Wall -Wswitch -W"no-deprecated-declarations" -W"empty-body" -Wconversion -W"return-type" -Wparentheses -W"no-format" -Wuninitialized -W"unreachable-code" -W"unused-function" -W"unused-value" -W"unused-variable" -O0 -fno-strict-aliasing -fno-omit-frame-pointer -fthreadsafe-statics -fexceptions -frtti -std=c++11
         ShareMemory.cpp
         Done compiling '/home/itcast/projects/SecKeyClient/ShareMemory.cpp'
         Invoking 'g++'
         g++ -c -x c++ /home/itcast/projects/SecKeyClient/TcpServer.cpp -I /home/itcast/projects/SecKeyClient/D/include -I "/home/itcast/projects/SecKeyClient/../../../../../../../../../OpenSSL-Win32/include" -g2 -gdwarf-2 -o "/home/itcast/projects/SecKeyClient/obj/x64/Debug/TcpServer.o" -Wall -Wswitch -W"no-deprecated-declarations" -W"empty-body" -Wconversion -W"return-type" -Wparentheses -W"no-format" -Wuninitialized -W"unreachable-code" -W"unused-function" -W"unused-value" -W"unused-variable" -O0 -fno-strict-aliasing -fno-omit-frame-pointer -fthreadsafe-statics -fexceptions -frtti -std=c++11
         TcpServer.cpp
         Done compiling '/home/itcast/projects/SecKeyClient/TcpServer.cpp'
         Invoking 'g++'
         g++ -c -x c++ /home/itcast/projects/SecKeyClient/TcpSocket.cpp -I /home/itcast/projects/SecKeyClient/D/include -I "/home/itcast/projects/SecKeyClient/../../../../../../../../../OpenSSL-Win32/include" -g2 -gdwarf-2 -o "/home/itcast/projects/SecKeyClient/obj/x64/Debug/TcpSocket.o" -Wall -Wswitch -W"no-deprecated-declarations" -W"empty-body" -Wconversion -W"return-type" -Wparentheses -W"no-format" -Wuninitialized -W"unreachable-code" -W"unused-function" -W"unused-value" -W"unused-variable" -O0 -fno-strict-aliasing -fno-omit-frame-pointer -fthreadsafe-statics -fexceptions -frtti -std=c++11
         TcpSocket.cpp
         Done compiling '/home/itcast/projects/SecKeyClient/TcpSocket.cpp'
         In file included from /home/itcast/projects/SecKeyClient/ClientOperation.cpp:1:0:
         /home/itcast/projects/SecKeyClient/ClientOperation.h: 在成员函数‘int ClientOperation::secKeyCheck()’中:
         /home/itcast/projects/SecKeyClient/ClientOperation.h:26:21: 警告：在有返回值的函数中未发现 return 语句 [-Wreturn-type]
           int secKeyCheck() {}
                              ^
         /home/itcast/projects/SecKeyClient/ClientOperation.h: 在成员函数‘int ClientOperation::secKeyRevoke()’中:
         /home/itcast/projects/SecKeyClient/ClientOperation.h:28:22: 警告：在有返回值的函数中未发现 return 语句 [-Wreturn-type]
           int secKeyRevoke() {}
                               ^
         /home/itcast/projects/SecKeyClient/ClientOperation.h: 在成员函数‘int ClientOperation::secKeyView()’中:
         /home/itcast/projects/SecKeyClient/ClientOperation.h:30:20: 警告：在有返回值的函数中未发现 return 语句 [-Wreturn-type]
           int secKeyView() {}
                             ^
         /home/itcast/projects/SecKeyClient/ClientOperation.cpp: 在成员函数‘int ClientOperation::secKeyAgree()’中:
         /home/itcast/projects/SecKeyClient/ClientOperation.cpp:42:36: 警告：‘int’转换自‘size_t {aka long unsigned int}’时可能改变值 [-Wconversion]
           HMAC(EVP_sha256(), key, strlen(key), (unsigned char *)req.r1, strlen(req.r1), md, &len);
                                             ^
         /home/itcast/projects/SecKeyClient/ClientOperation.cpp:89:27: 错误：相互冲突的声明‘char md [20]’
           char md[SHA_DIGEST_LENGTH];
                                    ^
         /home/itcast/projects/SecKeyClient/ClientOperation.cpp:39:16: 错误：‘md’早先被声明为‘unsigned char md [32]’
           unsigned char md[SHA256_DIGEST_LENGTH];
                         ^
         /home/itcast/projects/SecKeyClient/ClientOperation.cpp: 在成员函数‘void ClientOperation::getRandString(int, char*)’中:
         /home/itcast/projects/SecKeyClient/ClientOperation.cpp:127:17: 警告：‘unsigned int’转换自‘time_t {aka long int}’时可能改变值 [-Wconversion]
           srand(time(NULL));
                          ^
         /home/itcast/projects/SecKeyClient/ClientOperation.cpp:136:29: 警告：‘char’转换自‘int’时可能改变值 [-Wconversion]
             randBuf[i] = rand() % 26 + 'A';
                                      ^
         /home/itcast/projects/SecKeyClient/ClientOperation.cpp:139:29: 警告：‘char’转换自‘int’时可能改变值 [-Wconversion]
             randBuf[i] = rand() % 26 + 'a';
                                      ^
         /home/itcast/projects/SecKeyClient/ClientOperation.cpp:142:29: 警告：‘char’转换自‘int’时可能改变值 [-Wconversion]
             randBuf[i] = rand() % 10 + '0';
                                      ^
         /home/itcast/projects/SecKeyClient/ItcastLog.cpp: 在成员函数‘int ItcastLog::ITCAST_Error_GetCurTime(char*)’中:
         /home/itcast/projects/SecKeyClient/ItcastLog.cpp:38:12: 警告：‘int’转换自‘size_t {aka long unsigned int}’时可能改变值 [-Wconversion]
              return timeLen;
                     ^
         In file included from /home/itcast/projects/SecKeyClient/main.cpp:8:0:
         /home/itcast/projects/SecKeyClient/ClientOperation.h: 在成员函数‘int ClientOperation::secKeyCheck()’中:
         /home/itcast/projects/SecKeyClient/ClientOperation.h:26:21: 警告：在有返回值的函数中未发现 return 语句 [-Wreturn-type]
           int secKeyCheck() {}
                              ^
         /home/itcast/projects/SecKeyClient/ClientOperation.h: 在成员函数‘int ClientOperation::secKeyRevoke()’中:
         /home/itcast/projects/SecKeyClient/ClientOperation.h:28:22: 警告：在有返回值的函数中未发现 return 语句 [-Wreturn-type]
           int secKeyRevoke() {}
                               ^
         /home/itcast/projects/SecKeyClient/ClientOperation.h: 在成员函数‘int ClientOperation::secKeyView()’中:
         /home/itcast/projects/SecKeyClient/ClientOperation.h:30:20: 警告：在有返回值的函数中未发现 return 语句 [-Wreturn-type]
           int secKeyView() {}
                             ^
         /home/itcast/projects/SecKeyClient/RequestCodec.cpp: 在成员函数‘virtual int RequestCodec::msgEncode(char**, int&)’中:
         /home/itcast/projects/SecKeyClient/RequestCodec.cpp:22:54: 警告：‘int’转换自‘size_t {aka long unsigned int}’时可能改变值 [-Wconversion]
           writeNextNode(m_msg.clientId, strlen(m_msg.clientId)+1);
                                                               ^
         /home/itcast/projects/SecKeyClient/RequestCodec.cpp:23:55: 警告：‘int’转换自‘size_t {aka long unsigned int}’时可能改变值 [-Wconversion]
           writeNextNode(m_msg.authCode, strlen(m_msg.authCode) + 1);
                                                                ^
         /home/itcast/projects/SecKeyClient/RequestCodec.cpp:24:55: 警告：‘int’转换自‘size_t {aka long unsigned int}’时可能改变值 [-Wconversion]
           writeNextNode(m_msg.serverId, strlen(m_msg.serverId) + 1);
                                                                ^
         /home/itcast/projects/SecKeyClient/RequestCodec.cpp:25:43: 警告：‘int’转换自‘size_t {aka long unsigned int}’时可能改变值 [-Wconversion]
           writeNextNode(m_msg.r1, strlen(m_msg.r1) + 1);
                                                    ^
         /home/itcast/projects/SecKeyClient/RespondCodec.cpp: 在成员函数‘virtual int RespondCodec::msgEncode(char**, int&)’中:
         /home/itcast/projects/SecKeyClient/RespondCodec.cpp:21:55: 警告：‘int’转换自‘size_t {aka long unsigned int}’时可能改变值 [-Wconversion]
           writeNextNode(m_msg.clientId, strlen(m_msg.clientId) + 1);
                                                                ^
         /home/itcast/projects/SecKeyClient/RespondCodec.cpp:22:55: 警告：‘int’转换自‘size_t {aka long unsigned int}’时可能改变值 [-Wconversion]
           writeNextNode(m_msg.serverId, strlen(m_msg.serverId) + 1);
                                                                ^
         /home/itcast/projects/SecKeyClient/RespondCodec.cpp:23:43: 警告：‘int’转换自‘size_t {aka long unsigned int}’时可能改变值 [-Wconversion]
           writeNextNode(m_msg.r2, strlen(m_msg.r2) + 1);
                                                    ^
         /home/itcast/projects/SecKeyClient/SecKeyShm.cpp: 在构造函数‘SecKeyShm::SecKeyShm(int, int)’中:
         /home/itcast/projects/SecKeyClient/SecKeyShm.cpp:13:31: 警告：‘int’转换自‘long unsigned int’时可能改变值 [-Wconversion]
           ShareMemory(key, sizeof(int) + maxNode*sizeof(NodeSHMInfo)), 
                                        ^
         /home/itcast/projects/SecKeyClient/SecKeyShm.cpp: 在构造函数‘SecKeyShm::SecKeyShm(const char*, int)’中:
         /home/itcast/projects/SecKeyClient/SecKeyShm.cpp:36:36: 警告：‘int’转换自‘long unsigned int’时可能改变值 [-Wconversion]
           ShareMemory(pathName, sizeof(int) + maxNode*sizeof(NodeSHMInfo)), 
                                             ^
         /home/itcast/projects/SecKeyClient/SequenceASN1.cpp: 在成员函数‘int SequenceASN1::packSequence(char**, int&)’中:
         /home/itcast/projects/SecKeyClient/SequenceASN1.cpp:76:9: 警告：‘int’转换自‘ITCAST_UINT32 {aka long unsigned int}’时可能改变值 [-Wconversion]
           outLen = m_temp->dataLen;
                  ^
         /home/itcast/projects/SecKeyClient/TcpSocket.cpp: 在成员函数‘int TcpSocket::readn(void*, int)’中:
         /home/itcast/projects/SecKeyClient/TcpSocket.cpp:445:17: 警告：‘int’转换自‘size_t {aka long unsigned int}’时可能改变值 [-Wconversion]
             return count - nleft;
                          ^
         
     1>已完成生成项目“C:\Users\Administrator\Desktop\飞秋共享目录1\项目1\day08\代码\SecKeyClient\SecKeyClient\SecKeyClient.vcxproj”(Build 个目标)的操作 - 失败。

生成失败。

       “C:\Users\Administrator\Desktop\飞秋共享目录1\项目1\day08\代码\SecKeyClient\SecKeyClient\SecKeyClient.vcxproj”(Build 目标) (1) ->
       (ClCompile 目标) -> 
         C:\Program Files (x86)\Microsoft Visual Studio\2017\Community\Common7\IDE\VC\VCTargets\Application Type\Linux\1.0\Linux.targets(310,5): error : g++ exited with code 1, please see the Output Window - Build output for more details (NOTE: the build output verbosity might need to be changed in Tools Options to see more information in the Output Window).

    0 个警告
    1 个错误

已用时间 00:01:32.56
